Internal Server Error: /back-in/blog/postmodel/3/change/
Traceback (most recent call last):
  File "C:\Users\User\Desktop\Projects\GLISSUS\home_venv\lib\site-packages\django\core\handlers\exception.py", line 55, in inner
    response = get_response(request)
  File "C:\Users\User\Desktop\Projects\GLISSUS\home_venv\lib\site-packages\django\core\handlers\base.py", line 220, in _get_response
    response = response.render()
  File "C:\Users\User\Desktop\Projects\GLISSUS\home_venv\lib\site-packages\django\template\response.py", line 111, in render
    self.content = self.rendered_content
  File "C:\Users\User\Desktop\Projects\GLISSUS\home_venv\lib\site-packages\django\template\response.py", line 89, in rendered_content
    return template.render(context, self._request)
  File "C:\Users\User\Desktop\Projects\GLISSUS\home_venv\lib\site-packages\django\template\backends\django.py", line 61, in render
    return self.template.render(context)
  File "C:\Users\User\Desktop\Projects\GLISSUS\home_venv\lib\site-packages\django\template\base.py", line 175, in render
    return self._render(context)
  File "C:\Users\User\Desktop\Projects\GLISSUS\home_venv\lib\site-packages\django\template\base.py", line 167, in _render
    return self.nodelist.render(context)
  File "C:\Users\User\Desktop\Projects\GLISSUS\home_venv\lib\site-packages\django\template\base.py", line 1005, in render
    return SafeString("".join([node.render_annotated(context) for node in self]))
  File "C:\Users\User\Desktop\Projects\GLISSUS\home_venv\lib\site-packages\django\template\base.py", line 1005, in <listcomp>
    return SafeString("".join([node.render_annotated(context) for node in self]))
  File "C:\Users\User\Desktop\Projects\GLISSUS\home_venv\lib\site-packages\django\template\base.py", line 966, in render_annotated
    return self.render(context)
  File "C:\Users\User\Desktop\Projects\GLISSUS\home_venv\lib\site-packages\django\template\loader_tags.py", line 157, in render
    return compiled_parent._render(context)
  File "C:\Users\User\Desktop\Projects\GLISSUS\home_venv\lib\site-packages\django\template\base.py", line 167, in _render
    return self.nodelist.render(context)
  File "C:\Users\User\Desktop\Projects\GLISSUS\home_venv\lib\site-packages\django\template\base.py", line 1005, in render
    return SafeString("".join([node.render_annotated(context) for node in self]))
  File "C:\Users\User\Desktop\Projects\GLISSUS\home_venv\lib\site-packages\django\template\base.py", line 1005, in <listcomp>
    return SafeString("".join([node.render_annotated(context) for node in self]))
  File "C:\Users\User\Desktop\Projects\GLISSUS\home_venv\lib\site-packages\django\template\base.py", line 966, in render_annotated
    return self.render(context)
  File "C:\Users\User\Desktop\Projects\GLISSUS\home_venv\lib\site-packages\django\template\loader_tags.py", line 157, in render
    return compiled_parent._render(context)
  File "C:\Users\User\Desktop\Projects\GLISSUS\home_venv\lib\site-packages\django\template\base.py", line 167, in _render
    return self.nodelist.render(context)
  File "C:\Users\User\Desktop\Projects\GLISSUS\home_venv\lib\site-packages\django\template\base.py", line 1005, in render
    return SafeString("".join([node.render_annotated(context) for node in self]))
  File "C:\Users\User\Desktop\Projects\GLISSUS\home_venv\lib\site-packages\django\template\base.py", line 1005, in <listcomp>
    return SafeString("".join([node.render_annotated(context) for node in self]))
  File "C:\Users\User\Desktop\Projects\GLISSUS\home_venv\lib\site-packages\django\template\base.py", line 966, in render_annotated
    return self.render(context)
  File "C:\Users\User\Desktop\Projects\GLISSUS\home_venv\lib\site-packages\django\template\loader_tags.py", line 63, in render
    result = block.nodelist.render(context)
  File "C:\Users\User\Desktop\Projects\GLISSUS\home_venv\lib\site-packages\django\template\base.py", line 1005, in render
    return SafeString("".join([node.render_annotated(context) for node in self]))
  File "C:\Users\User\Desktop\Projects\GLISSUS\home_venv\lib\site-packages\django\template\base.py", line 1005, in <listcomp>
    return SafeString("".join([node.render_annotated(context) for node in self]))
  File "C:\Users\User\Desktop\Projects\GLISSUS\home_venv\lib\site-packages\django\template\base.py", line 966, in render_annotated
    return self.render(context)
  File "C:\Users\User\Desktop\Projects\GLISSUS\home_venv\lib\site-packages\django\template\base.py", line 1070, in render
    return render_value_in_context(output, context)
  File "C:\Users\User\Desktop\Projects\GLISSUS\home_venv\lib\site-packages\django\template\base.py", line 1047, in render_value_in_context
    value = str(value)
  File "C:\Users\User\Desktop\Projects\GLISSUS\home_venv\lib\site-packages\django\utils\html.py", line 420, in <lambda>
    klass.__str__ = lambda self: mark_safe(klass_str(self))
  File "C:\Users\User\Desktop\Projects\GLISSUS\home_venv\lib\site-packages\django\forms\widgets.py", line 79, in __str__
    return self.render()
  File "C:\Users\User\Desktop\Projects\GLISSUS\home_venv\lib\site-packages\django\forms\widgets.py", line 95, in render
    "\n".join(
  File "C:\Users\User\Desktop\Projects\GLISSUS\home_venv\lib\site-packages\django\forms\widgets.py", line 115, in <genexpr>
    [
  File "C:\Users\User\Desktop\Projects\GLISSUS\home_venv\lib\site-packages\django\forms\widgets.py", line 120, in <listcomp>
    self.absolute_path(path),
  File "C:\Users\User\Desktop\Projects\GLISSUS\home_venv\lib\site-packages\django\forms\widgets.py", line 136, in absolute_path
    return static(path)
  File "C:\Users\User\Desktop\Projects\GLISSUS\home_venv\lib\site-packages\django\templatetags\static.py", line 179, in static
    return StaticNode.handle_simple(path)
  File "C:\Users\User\Desktop\Projects\GLISSUS\home_venv\lib\site-packages\django\templatetags\static.py", line 129, in handle_simple
    return staticfiles_storage.url(path)
  File "C:\Users\User\Desktop\Projects\GLISSUS\home_venv\lib\site-packages\django\contrib\staticfiles\storage.py", line 203, in url
    return self._url(self.stored_name, name, force)
  File "C:\Users\User\Desktop\Projects\GLISSUS\home_venv\lib\site-packages\django\contrib\staticfiles\storage.py", line 182, in _url
    hashed_name = hashed_name_func(*args)
  File "C:\Users\User\Desktop\Projects\GLISSUS\home_venv\lib\site-packages\django\contrib\staticfiles\storage.py", line 513, in stored_name
    raise ValueError(
ValueError: Missing staticfiles manifest entry for 'froala_editor/css/froala_editor.min.css'
Internal Server Error: /back-in/blog/postmodel/2/change/
Traceback (most recent call last):
  File "C:\Users\User\Desktop\Projects\GLISSUS\home_venv\lib\site-packages\django\core\handlers\exception.py", line 55, in inner
    response = get_response(request)
  File "C:\Users\User\Desktop\Projects\GLISSUS\home_venv\lib\site-packages\django\core\handlers\base.py", line 220, in _get_response
    response = response.render()
  File "C:\Users\User\Desktop\Projects\GLISSUS\home_venv\lib\site-packages\django\template\response.py", line 111, in render
    self.content = self.rendered_content
  File "C:\Users\User\Desktop\Projects\GLISSUS\home_venv\lib\site-packages\django\template\response.py", line 89, in rendered_content
    return template.render(context, self._request)
  File "C:\Users\User\Desktop\Projects\GLISSUS\home_venv\lib\site-packages\django\template\backends\django.py", line 61, in render
    return self.template.render(context)
  File "C:\Users\User\Desktop\Projects\GLISSUS\home_venv\lib\site-packages\django\template\base.py", line 175, in render
    return self._render(context)
  File "C:\Users\User\Desktop\Projects\GLISSUS\home_venv\lib\site-packages\django\template\base.py", line 167, in _render
    return self.nodelist.render(context)
  File "C:\Users\User\Desktop\Projects\GLISSUS\home_venv\lib\site-packages\django\template\base.py", line 1005, in render
    return SafeString("".join([node.render_annotated(context) for node in self]))
  File "C:\Users\User\Desktop\Projects\GLISSUS\home_venv\lib\site-packages\django\template\base.py", line 1005, in <listcomp>
    return SafeString("".join([node.render_annotated(context) for node in self]))
  File "C:\Users\User\Desktop\Projects\GLISSUS\home_venv\lib\site-packages\django\template\base.py", line 966, in render_annotated
    return self.render(context)
  File "C:\Users\User\Desktop\Projects\GLISSUS\home_venv\lib\site-packages\django\template\loader_tags.py", line 157, in render
    return compiled_parent._render(context)
  File "C:\Users\User\Desktop\Projects\GLISSUS\home_venv\lib\site-packages\django\template\base.py", line 167, in _render
    return self.nodelist.render(context)
  File "C:\Users\User\Desktop\Projects\GLISSUS\home_venv\lib\site-packages\django\template\base.py", line 1005, in render
    return SafeString("".join([node.render_annotated(context) for node in self]))
  File "C:\Users\User\Desktop\Projects\GLISSUS\home_venv\lib\site-packages\django\template\base.py", line 1005, in <listcomp>
    return SafeString("".join([node.render_annotated(context) for node in self]))
  File "C:\Users\User\Desktop\Projects\GLISSUS\home_venv\lib\site-packages\django\template\base.py", line 966, in render_annotated
    return self.render(context)
  File "C:\Users\User\Desktop\Projects\GLISSUS\home_venv\lib\site-packages\django\template\loader_tags.py", line 157, in render
    return compiled_parent._render(context)
  File "C:\Users\User\Desktop\Projects\GLISSUS\home_venv\lib\site-packages\django\template\base.py", line 167, in _render
    return self.nodelist.render(context)
  File "C:\Users\User\Desktop\Projects\GLISSUS\home_venv\lib\site-packages\django\template\base.py", line 1005, in render
    return SafeString("".join([node.render_annotated(context) for node in self]))
  File "C:\Users\User\Desktop\Projects\GLISSUS\home_venv\lib\site-packages\django\template\base.py", line 1005, in <listcomp>
    return SafeString("".join([node.render_annotated(context) for node in self]))
  File "C:\Users\User\Desktop\Projects\GLISSUS\home_venv\lib\site-packages\django\template\base.py", line 966, in render_annotated
    return self.render(context)
  File "C:\Users\User\Desktop\Projects\GLISSUS\home_venv\lib\site-packages\django\template\loader_tags.py", line 63, in render
    result = block.nodelist.render(context)
  File "C:\Users\User\Desktop\Projects\GLISSUS\home_venv\lib\site-packages\django\template\base.py", line 1005, in render
    return SafeString("".join([node.render_annotated(context) for node in self]))
  File "C:\Users\User\Desktop\Projects\GLISSUS\home_venv\lib\site-packages\django\template\base.py", line 1005, in <listcomp>
    return SafeString("".join([node.render_annotated(context) for node in self]))
  File "C:\Users\User\Desktop\Projects\GLISSUS\home_venv\lib\site-packages\django\template\base.py", line 966, in render_annotated
    return self.render(context)
  File "C:\Users\User\Desktop\Projects\GLISSUS\home_venv\lib\site-packages\django\template\base.py", line 1070, in render
    return render_value_in_context(output, context)
  File "C:\Users\User\Desktop\Projects\GLISSUS\home_venv\lib\site-packages\django\template\base.py", line 1047, in render_value_in_context
    value = str(value)
  File "C:\Users\User\Desktop\Projects\GLISSUS\home_venv\lib\site-packages\django\utils\html.py", line 420, in <lambda>
    klass.__str__ = lambda self: mark_safe(klass_str(self))
  File "C:\Users\User\Desktop\Projects\GLISSUS\home_venv\lib\site-packages\django\forms\widgets.py", line 79, in __str__
    return self.render()
  File "C:\Users\User\Desktop\Projects\GLISSUS\home_venv\lib\site-packages\django\forms\widgets.py", line 95, in render
    "\n".join(
  File "C:\Users\User\Desktop\Projects\GLISSUS\home_venv\lib\site-packages\django\forms\widgets.py", line 115, in <genexpr>
    [
  File "C:\Users\User\Desktop\Projects\GLISSUS\home_venv\lib\site-packages\django\forms\widgets.py", line 120, in <listcomp>
    self.absolute_path(path),
  File "C:\Users\User\Desktop\Projects\GLISSUS\home_venv\lib\site-packages\django\forms\widgets.py", line 136, in absolute_path
    return static(path)
  File "C:\Users\User\Desktop\Projects\GLISSUS\home_venv\lib\site-packages\django\templatetags\static.py", line 179, in static
    return StaticNode.handle_simple(path)
  File "C:\Users\User\Desktop\Projects\GLISSUS\home_venv\lib\site-packages\django\templatetags\static.py", line 129, in handle_simple
    return staticfiles_storage.url(path)
  File "C:\Users\User\Desktop\Projects\GLISSUS\home_venv\lib\site-packages\django\contrib\staticfiles\storage.py", line 203, in url
    return self._url(self.stored_name, name, force)
  File "C:\Users\User\Desktop\Projects\GLISSUS\home_venv\lib\site-packages\django\contrib\staticfiles\storage.py", line 182, in _url
    hashed_name = hashed_name_func(*args)
  File "C:\Users\User\Desktop\Projects\GLISSUS\home_venv\lib\site-packages\django\contrib\staticfiles\storage.py", line 513, in stored_name
    raise ValueError(
ValueError: Missing staticfiles manifest entry for 'froala_editor/css/froala_editor.min.css'
Internal Server Error: /
Traceback (most recent call last):
  File "C:\Users\User\Desktop\Projects\GLISSUS\home_venv\lib\site-packages\django\db\backends\base\base.py", line 289, in ensure_connection
    self.connect()
  File "C:\Users\User\Desktop\Projects\GLISSUS\home_venv\lib\site-packages\django\utils\asyncio.py", line 26, in inner
    return func(*args, **kwargs)
  File "C:\Users\User\Desktop\Projects\GLISSUS\home_venv\lib\site-packages\django\db\backends\base\base.py", line 270, in connect
    self.connection = self.get_new_connection(conn_params)
  File "C:\Users\User\Desktop\Projects\GLISSUS\home_venv\lib\site-packages\django\utils\asyncio.py", line 26, in inner
    return func(*args, **kwargs)
  File "C:\Users\User\Desktop\Projects\GLISSUS\home_venv\lib\site-packages\django\db\backends\postgresql\base.py", line 269, in get_new_connection
    connection = self.Database.connect(**conn_params)
  File "C:\Users\User\Desktop\Projects\GLISSUS\home_venv\lib\site-packages\psycopg2\__init__.py", line 122, in connect
    conn = _connect(dsn, connection_factory=connection_factory, **kwasync)
psycopg2.OperationalError: could not translate host name "containers-us-west-136.railway.app" to address: Unknown host


The above exception was the direct cause of the following exception:

Traceback (most recent call last):
  File "C:\Users\User\Desktop\Projects\GLISSUS\home_venv\lib\site-packages\django\core\handlers\exception.py", line 55, in inner
    response = get_response(request)
  File "C:\Users\User\Desktop\Projects\GLISSUS\home_venv\lib\site-packages\django\core\handlers\base.py", line 197, in _get_response
    response = wrapped_callback(request, *callback_args, **callback_kwargs)
  File "C:\Users\User\Desktop\Projects\GLISSUS\Blog_DuLoft\blog\views.py", line 11, in blog_post
    return render(request, 'home.html', context)
  File "C:\Users\User\Desktop\Projects\GLISSUS\home_venv\lib\site-packages\django\shortcuts.py", line 24, in render
    content = loader.render_to_string(template_name, context, request, using=using)
  File "C:\Users\User\Desktop\Projects\GLISSUS\home_venv\lib\site-packages\django\template\loader.py", line 62, in render_to_string
    return template.render(context, request)
  File "C:\Users\User\Desktop\Projects\GLISSUS\home_venv\lib\site-packages\django\template\backends\django.py", line 61, in render
    return self.template.render(context)
  File "C:\Users\User\Desktop\Projects\GLISSUS\home_venv\lib\site-packages\django\template\base.py", line 175, in render
    return self._render(context)
  File "C:\Users\User\Desktop\Projects\GLISSUS\home_venv\lib\site-packages\django\template\base.py", line 167, in _render
    return self.nodelist.render(context)
  File "C:\Users\User\Desktop\Projects\GLISSUS\home_venv\lib\site-packages\django\template\base.py", line 1005, in render
    return SafeString("".join([node.render_annotated(context) for node in self]))
  File "C:\Users\User\Desktop\Projects\GLISSUS\home_venv\lib\site-packages\django\template\base.py", line 1005, in <listcomp>
    return SafeString("".join([node.render_annotated(context) for node in self]))
  File "C:\Users\User\Desktop\Projects\GLISSUS\home_venv\lib\site-packages\django\template\base.py", line 966, in render_annotated
    return self.render(context)
  File "C:\Users\User\Desktop\Projects\GLISSUS\home_venv\lib\site-packages\django\template\loader_tags.py", line 157, in render
    return compiled_parent._render(context)
  File "C:\Users\User\Desktop\Projects\GLISSUS\home_venv\lib\site-packages\django\template\base.py", line 167, in _render
    return self.nodelist.render(context)
  File "C:\Users\User\Desktop\Projects\GLISSUS\home_venv\lib\site-packages\django\template\base.py", line 1005, in render
    return SafeString("".join([node.render_annotated(context) for node in self]))
  File "C:\Users\User\Desktop\Projects\GLISSUS\home_venv\lib\site-packages\django\template\base.py", line 1005, in <listcomp>
    return SafeString("".join([node.render_annotated(context) for node in self]))
  File "C:\Users\User\Desktop\Projects\GLISSUS\home_venv\lib\site-packages\django\template\base.py", line 966, in render_annotated
    return self.render(context)
  File "C:\Users\User\Desktop\Projects\GLISSUS\home_venv\lib\site-packages\django\template\loader_tags.py", line 63, in render
    result = block.nodelist.render(context)
  File "C:\Users\User\Desktop\Projects\GLISSUS\home_venv\lib\site-packages\django\template\base.py", line 1005, in render
    return SafeString("".join([node.render_annotated(context) for node in self]))
  File "C:\Users\User\Desktop\Projects\GLISSUS\home_venv\lib\site-packages\django\template\base.py", line 1005, in <listcomp>
    return SafeString("".join([node.render_annotated(context) for node in self]))
  File "C:\Users\User\Desktop\Projects\GLISSUS\home_venv\lib\site-packages\django\template\base.py", line 966, in render_annotated
    return self.render(context)
  File "C:\Users\User\Desktop\Projects\GLISSUS\home_venv\lib\site-packages\django\template\defaulttags.py", line 194, in render
    len_values = len(values)
  File "C:\Users\User\Desktop\Projects\GLISSUS\home_venv\lib\site-packages\django\db\models\query.py", line 380, in __len__
    self._fetch_all()
  File "C:\Users\User\Desktop\Projects\GLISSUS\home_venv\lib\site-packages\django\db\models\query.py", line 1881, in _fetch_all
    self._result_cache = list(self._iterable_class(self))
  File "C:\Users\User\Desktop\Projects\GLISSUS\home_venv\lib\site-packages\django\db\models\query.py", line 91, in __iter__
    results = compiler.execute_sql(
  File "C:\Users\User\Desktop\Projects\GLISSUS\home_venv\lib\site-packages\django\db\models\sql\compiler.py", line 1558, in execute_sql
    cursor = self.connection.cursor()
  File "C:\Users\User\Desktop\Projects\GLISSUS\home_venv\lib\site-packages\django\utils\asyncio.py", line 26, in inner
    return func(*args, **kwargs)
  File "C:\Users\User\Desktop\Projects\GLISSUS\home_venv\lib\site-packages\django\db\backends\base\base.py", line 330, in cursor
    return self._cursor()
  File "C:\Users\User\Desktop\Projects\GLISSUS\home_venv\lib\site-packages\django\db\backends\base\base.py", line 306, in _cursor
    self.ensure_connection()
  File "C:\Users\User\Desktop\Projects\GLISSUS\home_venv\lib\site-packages\django\utils\asyncio.py", line 26, in inner
    return func(*args, **kwargs)
  File "C:\Users\User\Desktop\Projects\GLISSUS\home_venv\lib\site-packages\django\db\backends\base\base.py", line 288, in ensure_connection
    with self.wrap_database_errors:
  File "C:\Users\User\Desktop\Projects\GLISSUS\home_venv\lib\site-packages\django\db\utils.py", line 91, in __exit__
    raise dj_exc_value.with_traceback(traceback) from exc_value
  File "C:\Users\User\Desktop\Projects\GLISSUS\home_venv\lib\site-packages\django\db\backends\base\base.py", line 289, in ensure_connection
    self.connect()
  File "C:\Users\User\Desktop\Projects\GLISSUS\home_venv\lib\site-packages\django\utils\asyncio.py", line 26, in inner
    return func(*args, **kwargs)
  File "C:\Users\User\Desktop\Projects\GLISSUS\home_venv\lib\site-packages\django\db\backends\base\base.py", line 270, in connect
    self.connection = self.get_new_connection(conn_params)
  File "C:\Users\User\Desktop\Projects\GLISSUS\home_venv\lib\site-packages\django\utils\asyncio.py", line 26, in inner
    return func(*args, **kwargs)
  File "C:\Users\User\Desktop\Projects\GLISSUS\home_venv\lib\site-packages\django\db\backends\postgresql\base.py", line 269, in get_new_connection
    connection = self.Database.connect(**conn_params)
  File "C:\Users\User\Desktop\Projects\GLISSUS\home_venv\lib\site-packages\psycopg2\__init__.py", line 122, in connect
    conn = _connect(dsn, connection_factory=connection_factory, **kwasync)
django.db.utils.OperationalError: could not translate host name "containers-us-west-136.railway.app" to address: Unknown host

